0    INFO  [2015-12-11 11:52:55]  start ata.....
529  INFO  [2015-12-11 11:52:55]  end data.....total 0
0    INFO  [2015-12-11 12:00:53]  start ata.....
0    INFO  [2015-12-11 12:01:10]  start ata.....
1115 INFO  [2015-12-11 12:01:12]  end data.....total 0
0    INFO  [2015-12-11 12:02:30]  start ata.....
748  INFO  [2015-12-11 12:02:31]  end data.....total 0
0    INFO  [2015-12-11 13:16:26]  start ata.....
1411 INFO  [2015-12-11 13:16:27]  end data.....total 0
1    INFO  [2015-12-11 13:17:55]  start ata.....
1227 INFO  [2015-12-11 13:17:56]  end data.....total 0
1    INFO  [2015-12-11 13:18:55]  start ata.....
1224 INFO  [2015-12-11 13:18:56]  end data.....total 0
0    INFO  [2015-12-11 13:20:00]  start ata.....
1501 INFO  [2015-12-11 13:20:01]  end data.....total 0
0    INFO  [2015-12-11 13:21:45]  start ata.....
1455 INFO  [2015-12-11 13:21:47]  end data.....total 0
1    INFO  [2015-12-11 13:26:12]  start ata.....
1796 INFO  [2015-12-11 13:26:14]  end data.....total 0
0    INFO  [2015-12-11 13:27:57]  start ata.....
3473 INFO  [2015-12-11 13:28:01]  end data.....total 0
0    INFO  [2015-12-11 13:28:28]  start ata.....
2001 INFO  [2015-12-11 13:28:30]  end data.....total 0
0    INFO  [2015-12-11 13:36:18]  start ata.....
1481 INFO  [2015-12-11 13:36:19]  end data.....total 0
0    INFO  [2015-12-11 13:36:41]  start ata.....
1852 INFO  [2015-12-11 13:36:42]  end data.....total 0
0    INFO  [2015-12-11 13:37:31]  start ata.....
1433 INFO  [2015-12-11 13:37:32]  end data.....total 0
0    INFO  [2015-12-11 13:38:33]  start ata.....
1558 INFO  [2015-12-11 13:38:34]  end data.....total 0
0    INFO  [2015-12-11 13:40:12]  start ata.....
1173 INFO  [2015-12-11 13:40:13]  end data.....total 0
1    INFO  [2015-12-11 13:40:36]  start ata.....
1147 INFO  [2015-12-11 13:40:37]  end data.....total 0
0    INFO  [2015-12-11 13:42:38]  start ata.....
23117 INFO  [2015-12-11 13:43:01]  end data.....total 0
0    INFO  [2015-12-11 13:43:14]  start ata.....
10502 INFO  [2015-12-11 13:43:24]  end data.....total 0
0    INFO  [2015-12-11 14:00:35]  start ata.....
486  INFO  [2015-12-11 14:00:35]  end data.....total 1
0    INFO  [2015-12-11 14:04:11]  start ata.....
2069 INFO  [2015-12-11 14:04:13]  end data.....total 89
1    INFO  [2015-12-11 14:06:14]  start ata.....
1550 INFO  [2015-12-11 14:06:16]  end data.....total 89
1    INFO  [2015-12-11 14:06:33]  start ata.....
1292 INFO  [2015-12-11 14:06:34]  end data.....total 89
0    INFO  [2015-12-11 14:07:01]  start ata.....
1835 INFO  [2015-12-11 14:07:03]  end data.....total 89
0    INFO  [2015-12-11 14:12:11]  start ata.....
1665 INFO  [2015-12-11 14:12:13]  end data.....total 1887
0    ERROR [2015-12-29 15:17:28]  eastmoney url req jsoup error:HTTP error fetching URL
1343 ERROR [2015-12-29 15:17:30]  eastmoney url req jsoup error:HTTP error fetching URL
2912 ERROR [2015-12-29 15:17:31]  eastmoney url req jsoup error:HTTP error fetching URL
4218 ERROR [2015-12-29 15:17:33]  eastmoney url req jsoup error:HTTP error fetching URL
5463 ERROR [2015-12-29 15:17:34]  eastmoney url req jsoup error:HTTP error fetching URL
6885 ERROR [2015-12-29 15:17:35]  eastmoney url req jsoup error:HTTP error fetching URL
8250 ERROR [2015-12-29 15:17:37]  eastmoney url req jsoup error:HTTP error fetching URL
9497 ERROR [2015-12-29 15:17:38]  eastmoney url req jsoup error:HTTP error fetching URL
10814 ERROR [2015-12-29 15:17:39]  eastmoney url req jsoup error:HTTP error fetching URL
12088 ERROR [2015-12-29 15:17:41]  eastmoney url req jsoup error:HTTP error fetching URL
13374 ERROR [2015-12-29 15:17:42]  eastmoney url req jsoup error:HTTP error fetching URL
14726 ERROR [2015-12-29 15:17:43]  eastmoney url req jsoup error:HTTP error fetching URL
16001 ERROR [2015-12-29 15:17:44]  eastmoney url req jsoup error:HTTP error fetching URL
17504 ERROR [2015-12-29 15:17:46]  eastmoney url req jsoup error:HTTP error fetching URL
18753 ERROR [2015-12-29 15:17:47]  eastmoney url req jsoup error:HTTP error fetching URL
20092 ERROR [2015-12-29 15:17:49]  eastmoney url req jsoup error:HTTP error fetching URL
21740 ERROR [2015-12-29 15:17:50]  eastmoney url req jsoup error:HTTP error fetching URL
23071 ERROR [2015-12-29 15:17:52]  eastmoney url req jsoup error:HTTP error fetching URL
24373 ERROR [2015-12-29 15:17:53]  eastmoney url req jsoup error:HTTP error fetching URL
25700 ERROR [2015-12-29 15:17:54]  eastmoney url req jsoup error:HTTP error fetching URL
